           Time    Speed        Read     Read   Mapped   Mapped   Mapped   Mapped Unmapped Unmapped Unmapped Unmapped
                    M/hr      number   length   unique   length   MMrate    multi   multi+       MM    short    other
May 13 00:18:41     67.1     1193720      202    83.4%    198.1     0.5%     6.5%     0.1%     0.0%     9.9%     0.0%
May 13 00:19:42     75.7     2627494      202    83.5%    198.1     0.4%     6.5%     0.1%     0.0%     9.8%     0.0%
May 13 00:20:42     79.0     4061268      202    83.6%    198.2     0.4%     6.5%     0.1%     0.0%     9.6%     0.0%
May 13 00:21:42     78.9     5370366      202    83.7%    198.2     0.4%     6.6%     0.1%     0.0%     9.6%     0.0%
May 13 00:22:43     79.3     6741802      202    83.8%    198.3     0.4%     6.6%     0.1%     0.0%     9.5%     0.0%
May 13 00:23:43     81.0     8237914      202    83.7%    198.2     0.4%     6.6%     0.1%     0.0%     9.6%     0.0%
May 13 00:24:45     81.4     9671688      202    83.7%    198.2     0.4%     6.6%     0.1%     0.0%     9.6%     0.0%
May 13 00:25:47     80.6    10972652      202    83.7%    198.2     0.4%     6.6%     0.1%     0.0%     9.6%     0.0%
May 13 00:26:49     80.4    12332714      202    83.7%    198.2     0.4%     6.6%     0.1%     0.0%     9.5%     0.0%
May 13 00:27:52     80.2    13692776      202    83.7%    198.2     0.4%     6.6%     0.1%     0.0%     9.5%     0.0%
May 13 00:28:54     80.0    15052838      202    83.7%    198.2     0.4%     6.6%     0.1%     0.0%     9.6%     0.0%
May 13 00:29:54     80.8    16536542      202    83.7%    198.2     0.4%     6.6%     0.1%     0.0%     9.6%     0.0%
May 13 00:30:55     81.0    17958425      202    83.7%    198.2     0.4%     6.6%     0.1%     0.0%     9.6%     0.0%
May 13 00:31:55     81.6    19442129      202    83.7%    198.2     0.4%     6.6%     0.1%     0.0%     9.6%     0.0%
May 13 00:32:58     82.0    20987654      202    83.7%    198.2     0.4%     6.6%     0.1%     0.0%     9.6%     0.0%
May 13 00:33:58     82.0    22347716      202    83.7%    198.2     0.4%     6.6%     0.1%     0.0%     9.6%     0.0%
May 13 00:34:59     82.3    23831420      202    83.7%    198.2     0.4%     6.6%     0.1%     0.0%     9.6%     0.0%
May 13 00:36:01     82.1    25191482      202    83.7%    198.2     0.4%     6.6%     0.1%     0.0%     9.6%     0.0%
May 13 00:37:07     81.9    26613365      202    83.7%    198.2     0.4%     6.6%     0.1%     0.0%     9.6%     0.0%
May 13 00:38:11     81.6    27973427      202    83.7%    198.2     0.4%     6.6%     0.1%     0.0%     9.6%     0.0%
May 13 00:39:11     81.4    29271668      202    83.7%    198.2     0.4%     6.6%     0.1%     0.0%     9.6%     0.0%
May 13 00:40:15     81.4    30693551      202    83.7%    198.2     0.4%     6.6%     0.1%     0.0%     9.6%     0.0%
May 13 00:41:21     81.0    32053613      202    83.7%    198.2     0.4%     6.6%     0.1%     0.0%     9.6%     0.0%
May 13 00:42:25     80.7    33351854      202    83.7%    198.2     0.4%     6.6%     0.1%     0.0%     9.6%     0.0%
May 13 00:43:28     80.6    34711916      202    83.7%    198.2     0.4%     6.6%     0.1%     0.0%     9.6%     0.0%
May 13 00:44:29     80.6    36071978      202    83.7%    198.2     0.4%     6.6%     0.1%     0.0%     9.6%     0.0%
May 13 00:45:31     80.2    37308398      202    83.7%    198.2     0.4%     6.6%     0.1%     0.0%     9.6%     0.0%
May 13 00:46:31     80.5    38792102      202    83.7%    198.2     0.4%     6.6%     0.1%     0.0%     9.6%     0.0%
May 13 00:47:31     80.3    40028522      202    83.7%    198.2     0.4%     6.6%     0.1%     0.0%     9.6%     0.0%
May 13 00:48:33     80.4    41450405      202    83.7%    198.2     0.4%     6.6%     0.1%     0.0%     9.6%     0.0%
May 13 00:49:36     80.0    42625004      202    83.7%    198.2     0.4%     6.6%     0.1%     0.0%     9.6%     0.0%
May 13 00:50:36     80.2    44108708      202    83.7%    198.2     0.4%     6.6%     0.1%     0.0%     9.6%     0.0%
May 13 00:51:38     80.1    45406949      202    83.7%    198.2     0.4%     6.6%     0.1%     0.0%     9.6%     0.0%
May 13 00:52:42     80.2    46890653      202    83.7%    198.2     0.4%     6.6%     0.1%     0.0%     9.6%     0.0%
May 13 00:53:46     80.1    48250715      202    83.7%    198.2     0.4%     6.6%     0.1%     0.0%     9.6%     0.0%
May 13 00:54:51     80.2    49796240      202    83.7%    198.2     0.4%     6.6%     0.1%     0.0%     9.6%     0.0%
May 13 00:55:51     80.3    51156302      202    83.7%    198.2     0.4%     6.6%     0.1%     0.0%     9.6%     0.0%
May 13 00:56:51     80.3    52516364      202    83.7%    198.2     0.4%     6.6%     0.1%     0.0%     9.6%     0.0%
May 13 00:57:51     80.4    53938247      202    83.7%    198.2     0.4%     6.6%     0.1%     0.0%     9.6%     0.0%
May 13 00:58:56     80.4    55360130      202    83.7%    198.2     0.4%     6.6%     0.1%     0.0%     9.6%     0.0%
May 13 00:59:56     80.4    56720192      202    83.7%    198.2     0.4%     6.6%     0.1%     0.0%     9.6%     0.0%
May 13 01:00:57     80.4    58080254      202    83.7%    198.2     0.4%     6.6%     0.1%     0.0%     9.6%     0.0%
May 13 01:01:58     80.4    59440316      202    83.7%    198.2     0.4%     6.6%     0.1%     0.0%     9.6%     0.0%
May 13 01:03:01     80.6    60985841      202    83.7%    198.2     0.4%     6.6%     0.1%     0.0%     9.6%     0.0%
May 13 01:04:05     80.6    62407724      202    83.7%    198.2     0.4%     6.6%     0.1%     0.0%     9.6%     0.0%
May 13 01:05:08     80.8    63953249      202    83.7%    198.2     0.4%     6.6%     0.1%     0.0%     9.6%     0.0%
May 13 01:06:08     80.7    65251490      202    83.7%    198.2     0.4%     6.6%     0.1%     0.0%     9.6%     0.0%
May 13 01:07:09     80.8    66673373      202    83.7%    198.2     0.4%     6.6%     0.1%     0.0%     9.6%     0.0%
May 13 01:08:10     80.8    68095256      202    83.7%    198.2     0.4%     6.5%     0.1%     0.0%     9.6%     0.0%
May 13 01:09:16     80.8    69517139      202    83.6%    198.2     0.4%     6.5%     0.1%     0.0%     9.6%     0.0%
May 13 01:10:16     80.8    70939022      202    83.6%    198.2     0.4%     6.5%     0.1%     0.0%     9.6%     0.0%
May 13 01:11:21     80.6    72175442      202    83.6%    198.2     0.4%     6.5%     0.1%     0.0%     9.6%     0.0%
May 13 01:12:21     80.6    73535504      202    83.6%    198.2     0.4%     6.5%     0.1%     0.0%     9.6%     0.0%
May 13 01:13:21     80.4    74710103      202    83.6%    198.2     0.4%     6.5%     0.1%     0.0%     9.6%     0.0%
May 13 01:14:24     80.2    75946523      202    83.6%    198.2     0.4%     6.5%     0.1%     0.0%     9.6%     0.0%
May 13 01:15:25     80.2    77306585      202    83.6%    198.2     0.4%     6.5%     0.1%     0.0%     9.6%     0.0%
May 13 01:16:28     80.2    78666647      202    83.6%    198.2     0.4%     6.5%     0.1%     0.0%     9.6%     0.0%
May 13 01:29:35     66.6    79863749      202    83.6%    198.2     0.4%     6.6%     0.1%     0.0%     9.6%     0.0%
ALL DONE!
