           Time    Speed        Read     Read   Mapped   Mapped   Mapped   Mapped Unmapped Unmapped Unmapped Unmapped
                    M/hr      number   length   unique   length   MMrate    multi   multi+       MM    short    other
May 12 22:20:57     77.8     1318396      202    89.6%    200.1     0.5%     5.8%     0.1%     0.0%     4.5%     0.0%
May 12 22:21:58     83.1     2814508      202    89.7%    200.1     0.4%     5.8%     0.1%     0.0%     4.4%     0.0%
May 12 22:22:59     83.6     4248282      202    89.8%    200.1     0.4%     5.8%     0.1%     0.0%     4.3%     0.0%
May 12 22:23:59     85.1     5744394      202    89.8%    200.2     0.4%     5.8%     0.1%     0.0%     4.3%     0.0%
May 12 22:25:00     86.5     7302844      202    89.8%    200.2     0.4%     5.8%     0.1%     0.0%     4.3%     0.0%
May 12 22:26:00     87.6     8861294      202    89.8%    200.2     0.4%     5.8%     0.1%     0.0%     4.3%     0.0%
May 12 22:27:00     89.0    10478084      202    89.8%    200.2     0.4%     5.8%     0.1%     0.0%     4.3%     0.0%
May 12 22:28:01     88.3    11899967      202    89.8%    200.2     0.4%     5.8%     0.1%     0.0%     4.3%     0.0%
May 12 22:29:02     88.7    13445492      202    89.8%    200.2     0.4%     5.8%     0.1%     0.0%     4.3%     0.0%
May 12 22:30:08     86.7    14743733      202    89.8%    200.2     0.4%     5.8%     0.1%     0.0%     4.3%     0.0%
May 12 22:31:10     87.7    16412900      202    89.8%    200.2     0.4%     5.8%     0.1%     0.0%     4.3%     0.0%
May 12 22:32:12     87.8    17958425      202    89.8%    200.2     0.4%     5.8%     0.1%     0.0%     4.3%     0.0%
May 12 22:33:13     87.5    19380308      202    89.8%    200.2     0.4%     5.8%     0.1%     0.0%     4.3%     0.0%
May 12 22:34:13     87.4    20802191      202    89.8%    200.2     0.4%     5.8%     0.1%     0.0%     4.3%     0.0%
May 12 22:35:14     87.6    22347716      202    89.8%    200.2     0.4%     5.8%     0.1%     0.0%     4.3%     0.0%
May 12 22:36:17     87.7    23893241      202    89.8%    200.2     0.4%     5.8%     0.1%     0.0%     4.3%     0.0%
May 12 22:37:19     87.0    25191482      202    89.8%    200.2     0.4%     5.8%     0.1%     0.0%     4.3%     0.0%
May 12 22:38:21     87.1    26737007      202    89.8%    200.2     0.4%     5.8%     0.1%     0.0%     4.3%     0.0%
May 12 22:39:21     87.6    28344353      202    89.8%    200.2     0.4%     5.8%     0.1%     0.0%     4.3%     0.0%
May 12 22:40:21     87.5    29766236      202    89.8%    200.2     0.4%     5.8%     0.1%     0.0%     4.3%     0.0%
May 12 22:41:24     87.3    31249940      202    89.8%    200.2     0.4%     5.8%     0.1%     0.0%     4.3%     0.0%
May 12 22:42:24     87.9    32919107      202    89.8%    200.2     0.4%     5.8%     0.1%     0.0%     4.3%     0.0%
May 12 22:43:24     87.2    34093706      202    89.8%    200.2     0.4%     5.8%     0.1%     0.0%     4.3%     0.0%
May 12 22:44:25     87.5    35701052      202    89.8%    200.2     0.4%     5.8%     0.1%     0.0%     4.3%     0.0%
May 12 22:45:26     87.1    36999293      202    89.8%    200.2     0.4%     5.8%     0.1%     0.0%     4.3%     0.0%
May 12 22:46:26     86.3    38112071      202    89.8%    200.2     0.4%     5.8%     0.1%     0.0%     4.3%     0.0%
May 12 22:47:28     86.3    39595775      202    89.8%    200.2     0.4%     5.8%     0.1%     0.0%     4.3%     0.0%
May 12 22:48:28     86.5    41141300      202    89.8%    200.2     0.4%     5.8%     0.1%     0.0%     4.3%     0.0%
May 12 22:49:29     86.4    42563183      202    89.8%    200.2     0.4%     5.8%     0.1%     0.0%     4.3%     0.0%
May 12 22:50:29     86.5    44046887      202    89.8%    200.2     0.4%     5.8%     0.1%     0.0%     4.3%     0.0%
May 12 22:51:31     86.5    45530591      202    89.8%    200.2     0.4%     5.8%     0.1%     0.0%     4.3%     0.0%
May 12 22:52:32     86.5    47014295      202    89.8%    200.2     0.4%     5.8%     0.1%     0.0%     4.3%     0.0%
May 12 22:53:33     86.7    48559820      202    89.8%    200.2     0.4%     5.8%     0.1%     0.0%     4.3%     0.0%
May 12 22:54:34     86.8    50105345      202    89.8%    200.2     0.4%     5.8%     0.1%     0.0%     4.3%     0.0%
May 12 22:55:36     86.9    51650870      202    89.8%    200.2     0.4%     5.8%     0.1%     0.0%     4.3%     0.0%
May 12 22:56:40     87.0    53258216      202    89.8%    200.2     0.4%     5.8%     0.1%     0.0%     4.3%     0.0%
May 12 22:57:47     86.9    54803741      202    89.8%    200.2     0.4%     5.8%     0.1%     0.0%     4.3%     0.0%
May 12 22:58:49     87.0    56349266      202    89.8%    200.2     0.4%     5.8%     0.1%     0.0%     4.3%     0.0%
May 12 22:59:49     86.7    57647507      202    89.8%    200.2     0.4%     5.8%     0.1%     0.0%     4.3%     0.0%
May 12 23:00:49     86.8    59131211      202    89.8%    200.2     0.4%     5.8%     0.1%     0.0%     4.3%     0.0%
May 12 23:01:50     86.6    60491273      202    89.8%    200.2     0.4%     5.8%     0.1%     0.0%     4.3%     0.0%
May 12 23:02:55     86.6    62036798      202    89.8%    200.2     0.4%     5.8%     0.1%     0.0%     4.3%     0.0%
May 12 23:03:55     86.7    63582323      202    89.8%    200.2     0.4%     5.8%     0.1%     0.0%     4.3%     0.0%
May 12 23:04:56     86.8    65127848      202    89.8%    200.2     0.4%     5.8%     0.1%     0.0%     4.3%     0.0%
May 12 23:05:59     86.9    66673373      202    89.8%    200.2     0.4%     5.8%     0.1%     0.0%     4.3%     0.0%
May 12 23:07:06     86.8    68218898      202    89.8%    200.2     0.4%     5.8%     0.1%     0.0%     4.3%     0.0%
May 12 23:08:06     86.7    69640781      202    89.8%    200.2     0.4%     5.8%     0.1%     0.0%     4.3%     0.0%
May 12 23:09:09     86.9    71248127      202    89.8%    200.2     0.4%     5.8%     0.1%     0.0%     4.3%     0.0%
May 12 23:18:40     73.3    71705744      202    89.8%    200.2     0.4%     5.8%     0.1%     0.0%     4.3%     0.0%
ALL DONE!
