                                 Started job on |	May 13 01:29:36
                             Started mapping on |	May 13 01:29:38
                                    Finished on |	May 13 02:49:56
       Mapping speed, Million of reads per hour |	66.45

                          Number of input reads |	88931260
                      Average input read length |	202
                                    UNIQUE READS:
                   Uniquely mapped reads number |	80080129
                        Uniquely mapped reads % |	90.05%
                          Average mapped length |	199.30
                       Number of splices: Total |	46979821
            Number of splices: Annotated (sjdb) |	46243202
                       Number of splices: GT/AG |	46530630
                       Number of splices: GC/AG |	308062
                       Number of splices: AT/AC |	34348
               Number of splices: Non-canonical |	106781
                      Mismatch rate per base, % |	0.43%
                         Deletion rate per base |	0.02%
                        Deletion average length |	1.49
                        Insertion rate per base |	0.01%
                       Insertion average length |	1.52
                             MULTI-MAPPING READS:
        Number of reads mapped to multiple loci |	3318548
             % of reads mapped to multiple loci |	3.73%
        Number of reads mapped to too many loci |	104313
             % of reads mapped to too many loci |	0.12%
                                  UNMAPPED READS:
  Number of reads unmapped: too many mismatches |	0
       % of reads unmapped: too many mismatches |	0.00%
            Number of reads unmapped: too short |	5397676
                 % of reads unmapped: too short |	6.07%
                Number of reads unmapped: other |	30594
                     % of reads unmapped: other |	0.03%
                                  CHIMERIC READS:
                       Number of chimeric reads |	0
                            % of chimeric reads |	0.00%
