                                 Started job on |	May 13 00:17:35
                             Started mapping on |	May 13 00:17:37
                                    Finished on |	May 13 01:29:35
       Mapping speed, Million of reads per hour |	66.58

                          Number of input reads |	79863749
                      Average input read length |	202
                                    UNIQUE READS:
                   Uniquely mapped reads number |	66802227
                        Uniquely mapped reads % |	83.65%
                          Average mapped length |	198.23
                       Number of splices: Total |	39555474
            Number of splices: Annotated (sjdb) |	38982502
                       Number of splices: GT/AG |	39131493
                       Number of splices: GC/AG |	311261
                       Number of splices: AT/AC |	32140
               Number of splices: Non-canonical |	80580
                      Mismatch rate per base, % |	0.43%
                         Deletion rate per base |	0.01%
                        Deletion average length |	1.63
                        Insertion rate per base |	0.01%
                       Insertion average length |	1.49
                             MULTI-MAPPING READS:
        Number of reads mapped to multiple loci |	5231330
             % of reads mapped to multiple loci |	6.55%
        Number of reads mapped to too many loci |	105103
             % of reads mapped to too many loci |	0.13%
                                  UNMAPPED READS:
  Number of reads unmapped: too many mismatches |	0
       % of reads unmapped: too many mismatches |	0.00%
            Number of reads unmapped: too short |	7688114
                 % of reads unmapped: too short |	9.63%
                Number of reads unmapped: other |	36975
                     % of reads unmapped: other |	0.05%
                                  CHIMERIC READS:
                       Number of chimeric reads |	0
                            % of chimeric reads |	0.00%
