                                 Started job on |	May 12 22:19:55
                             Started mapping on |	May 12 22:19:56
                                    Finished on |	May 12 23:18:40
       Mapping speed, Million of reads per hour |	73.25

                          Number of input reads |	71705744
                      Average input read length |	202
                                    UNIQUE READS:
                   Uniquely mapped reads number |	64376902
                        Uniquely mapped reads % |	89.78%
                          Average mapped length |	200.15
                       Number of splices: Total |	40009808
            Number of splices: Annotated (sjdb) |	39465358
                       Number of splices: GT/AG |	39611405
                       Number of splices: GC/AG |	278886
                       Number of splices: AT/AC |	34305
               Number of splices: Non-canonical |	85212
                      Mismatch rate per base, % |	0.43%
                         Deletion rate per base |	0.02%
                        Deletion average length |	1.47
                        Insertion rate per base |	0.01%
                       Insertion average length |	1.44
                             MULTI-MAPPING READS:
        Number of reads mapped to multiple loci |	4136371
             % of reads mapped to multiple loci |	5.77%
        Number of reads mapped to too many loci |	71956
             % of reads mapped to too many loci |	0.10%
                                  UNMAPPED READS:
  Number of reads unmapped: too many mismatches |	0
       % of reads unmapped: too many mismatches |	0.00%
            Number of reads unmapped: too short |	3093749
                 % of reads unmapped: too short |	4.31%
                Number of reads unmapped: other |	26766
                     % of reads unmapped: other |	0.04%
                                  CHIMERIC READS:
                       Number of chimeric reads |	0
                            % of chimeric reads |	0.00%
