                                 Started job on |	May 12 23:18:41
                             Started mapping on |	May 12 23:18:45
                                    Finished on |	May 13 00:17:34
       Mapping speed, Million of reads per hour |	72.03

                          Number of input reads |	70611067
                      Average input read length |	202
                                    UNIQUE READS:
                   Uniquely mapped reads number |	65140666
                        Uniquely mapped reads % |	92.25%
                          Average mapped length |	200.57
                       Number of splices: Total |	39877885
            Number of splices: Annotated (sjdb) |	39359153
                       Number of splices: GT/AG |	39485088
                       Number of splices: GC/AG |	277296
                       Number of splices: AT/AC |	34313
               Number of splices: Non-canonical |	81188
                      Mismatch rate per base, % |	0.42%
                         Deletion rate per base |	0.02%
                        Deletion average length |	1.47
                        Insertion rate per base |	0.01%
                       Insertion average length |	1.47
                             MULTI-MAPPING READS:
        Number of reads mapped to multiple loci |	3033127
             % of reads mapped to multiple loci |	4.30%
        Number of reads mapped to too many loci |	73611
             % of reads mapped to too many loci |	0.10%
                                  UNMAPPED READS:
  Number of reads unmapped: too many mismatches |	0
       % of reads unmapped: too many mismatches |	0.00%
            Number of reads unmapped: too short |	2340658
                 % of reads unmapped: too short |	3.31%
                Number of reads unmapped: other |	23005
                     % of reads unmapped: other |	0.03%
                                  CHIMERIC READS:
                       Number of chimeric reads |	0
                            % of chimeric reads |	0.00%
