           Time    Speed        Read     Read   Mapped   Mapped   Mapped   Mapped Unmapped Unmapped Unmapped Unmapped
                    M/hr      number   length   unique   length   MMrate    multi   multi+       MM    short    other
May 13 07:25:11     75.4     1256058      202    89.2%    200.5     0.5%     6.3%     0.1%     0.0%     4.3%     0.0%
May 13 07:26:12     81.9     2752170      202    89.2%    200.5     0.5%     6.4%     0.1%     0.0%     4.3%     0.0%
May 13 07:27:12     83.3     4185944      202    89.2%    200.6     0.4%     6.4%     0.1%     0.0%     4.2%     0.0%
May 13 07:28:12     83.9     5619718      202    89.2%    200.6     0.4%     6.5%     0.1%     0.0%     4.2%     0.0%
May 13 07:29:12     82.9     6928816      202    89.2%    200.6     0.4%     6.5%     0.1%     0.0%     4.2%     0.0%
May 13 07:30:15     81.5     8237914      202    89.2%    200.6     0.4%     6.5%     0.1%     0.0%     4.2%     0.0%
May 13 07:31:17     80.2     9484674      202    89.2%    200.6     0.4%     6.5%     0.1%     0.0%     4.2%     0.0%
May 13 07:32:17     81.3    10972652      202    89.2%    200.6     0.4%     6.5%     0.1%     0.0%     4.2%     0.0%
May 13 07:33:21     81.9    12518177      202    89.2%    200.6     0.4%     6.5%     0.1%     0.0%     4.2%     0.0%
May 13 07:34:21     81.5    13816418      202    89.2%    200.6     0.4%     6.5%     0.1%     0.0%     4.2%     0.0%
May 13 07:35:22     82.1    15300122      202    89.2%    200.6     0.4%     6.5%     0.1%     0.0%     4.2%     0.0%
May 13 07:36:27     81.8    16722005      202    89.2%    200.6     0.4%     6.5%     0.1%     0.0%     4.2%     0.0%
May 13 07:37:29     82.1    18205709      202    89.2%    200.6     0.4%     6.5%     0.1%     0.0%     4.2%     0.0%
May 13 07:38:33     82.2    19689413      202    89.2%    200.6     0.4%     6.5%     0.1%     0.0%     4.2%     0.0%
May 13 07:39:34     82.1    21049475      202    89.2%    200.6     0.4%     6.5%     0.1%     0.0%     4.2%     0.0%
May 13 07:40:34     82.5    22533179      202    89.2%    200.6     0.4%     6.5%     0.1%     0.0%     4.2%     0.0%
May 13 07:41:34     82.5    23893241      202    89.2%    200.6     0.4%     6.5%     0.1%     0.0%     4.2%     0.0%
May 13 07:42:35     82.8    25376945      202    89.2%    200.6     0.4%     6.5%     0.1%     0.0%     4.2%     0.0%
May 13 07:43:35     82.9    26798828      202    89.2%    200.6     0.4%     6.4%     0.1%     0.0%     4.2%     0.0%
May 13 07:44:35     83.0    28220711      202    89.2%    200.6     0.4%     6.5%     0.1%     0.0%     4.2%     0.0%
May 13 07:45:36     82.9    29580773      202    89.2%    200.6     0.4%     6.5%     0.1%     0.0%     4.2%     0.0%
May 13 07:46:37     83.1    31064477      202    89.2%    200.6     0.4%     6.5%     0.1%     0.0%     4.2%     0.0%
May 13 07:47:39     83.2    32548181      202    89.2%    200.6     0.4%     6.4%     0.1%     0.0%     4.2%     0.0%
May 13 07:48:39     82.4    33599138      202    89.2%    200.6     0.4%     6.4%     0.1%     0.0%     4.2%     0.0%
May 13 07:49:39     82.7    35082842      202    89.2%    200.6     0.4%     6.5%     0.1%     0.0%     4.2%     0.0%
May 13 07:50:39     82.5    36381083      202    89.2%    200.6     0.4%     6.5%     0.1%     0.0%     4.2%     0.0%
May 13 07:51:40     82.4    37741145      202    89.2%    200.6     0.4%     6.4%     0.1%     0.0%     4.2%     0.0%
May 13 07:52:46     82.3    39224849      202    89.2%    200.6     0.4%     6.4%     0.1%     0.0%     4.2%     0.0%
May 13 07:53:47     82.8    40832195      202    89.2%    200.6     0.4%     6.4%     0.1%     0.0%     4.2%     0.0%
May 13 07:54:49     82.8    42254078      202    89.2%    200.6     0.4%     6.5%     0.1%     0.0%     4.2%     0.0%
May 13 07:55:50     82.7    43614140      202    89.2%    200.6     0.4%     6.4%     0.1%     0.0%     4.2%     0.0%
May 13 07:56:58     82.8    45221486      202    89.2%    200.6     0.4%     6.4%     0.1%     0.0%     4.2%     0.0%
May 13 07:57:59     83.0    46767011      202    89.2%    200.6     0.4%     6.4%     0.1%     0.0%     4.2%     0.0%
May 13 07:59:01     83.1    48250715      202    89.2%    200.6     0.4%     6.4%     0.1%     0.0%     4.2%     0.0%
May 13 08:00:01     83.3    49734419      202    89.2%    200.6     0.4%     6.4%     0.1%     0.0%     4.2%     0.0%
May 13 08:01:01     83.2    51094481      202    89.2%    200.6     0.4%     6.4%     0.1%     0.0%     4.3%     0.0%
May 13 08:02:04     83.3    52578185      202    89.2%    200.6     0.4%     6.4%     0.1%     0.0%     4.2%     0.0%
May 13 08:03:04     83.3    54000068      202    89.2%    200.6     0.4%     6.4%     0.1%     0.0%     4.2%     0.0%
May 13 08:04:07     83.4    55483772      202    89.2%    200.6     0.4%     6.4%     0.1%     0.0%     4.3%     0.0%
May 13 08:05:08     83.3    56843834      202    89.2%    200.6     0.4%     6.4%     0.1%     0.0%     4.3%     0.0%
May 13 08:06:08     83.5    58389359      202    89.2%    200.6     0.4%     6.4%     0.1%     0.0%     4.3%     0.0%
May 13 08:07:13     83.3    59749421      202    89.2%    200.6     0.4%     6.4%     0.1%     0.0%     4.3%     0.0%
May 13 08:08:15     83.3    61171304      202    89.2%    200.6     0.4%     6.4%     0.1%     0.0%     4.3%     0.0%
May 13 08:09:16     83.5    62716829      202    89.2%    200.6     0.4%     6.4%     0.1%     0.0%     4.3%     0.0%
May 13 08:10:17     83.4    64076891      202    89.2%    200.6     0.4%     6.4%     0.1%     0.0%     4.3%     0.0%
May 13 08:11:17     83.4    65498774      202    89.2%    200.6     0.4%     6.4%     0.1%     0.0%     4.3%     0.0%
May 13 08:12:17     83.6    67044299      202    89.2%    200.6     0.4%     6.4%     0.1%     0.0%     4.3%     0.0%
May 13 08:13:17     83.7    68528003      202    89.2%    200.6     0.4%     6.4%     0.1%     0.0%     4.3%     0.0%
May 13 08:14:21     83.6    69888065      202    89.2%    200.6     0.4%     6.4%     0.1%     0.0%     4.3%     0.0%
May 13 08:15:24     83.6    71371769      202    89.2%    200.6     0.4%     6.4%     0.1%     0.0%     4.3%     0.0%
May 13 08:26:33     69.3    72001634      202    89.2%    200.6     0.4%     6.4%     0.1%     0.0%     4.3%     0.0%
ALL DONE!
