           Time    Speed        Read     Read   Mapped   Mapped   Mapped   Mapped Unmapped Unmapped Unmapped Unmapped
                    M/hr      number   length   unique   length   MMrate    multi   multi+       MM    short    other
May 12 23:19:45     79.1     1318396      202    92.2%    200.5     0.4%     4.3%     0.1%     0.0%     3.4%     0.0%
May 12 23:20:45     78.8     2627494      202    92.2%    200.5     0.4%     4.3%     0.1%     0.0%     3.4%     0.0%
May 12 23:21:48     76.2     3874254      202    92.2%    200.6     0.4%     4.3%     0.1%     0.0%     3.3%     0.0%
May 12 23:22:48     80.5     5432704      202    92.2%    200.6     0.4%     4.3%     0.1%     0.0%     3.3%     0.0%
May 12 23:23:53     82.4     7053492      202    92.2%    200.6     0.4%     4.3%     0.1%     0.0%     3.3%     0.0%
May 12 23:24:54     84.6     8674280      202    92.3%    200.6     0.4%     4.3%     0.1%     0.0%     3.3%     0.0%
May 12 23:25:54     86.4    10292621      202    92.3%    200.6     0.4%     4.3%     0.1%     0.0%     3.3%     0.0%
May 12 23:26:55     86.1    11714504      202    92.3%    200.6     0.4%     4.3%     0.1%     0.0%     3.3%     0.0%
May 12 23:27:56     86.2    13198208      202    92.3%    200.6     0.4%     4.3%     0.1%     0.0%     3.3%     0.0%
May 12 23:28:57     86.0    14620091      202    92.3%    200.6     0.4%     4.3%     0.1%     0.0%     3.3%     0.0%
May 12 23:29:58     86.5    16165616      202    92.3%    200.6     0.4%     4.3%     0.1%     0.0%     3.3%     0.0%
May 12 23:30:59     87.2    17772962      202    92.3%    200.6     0.4%     4.3%     0.1%     0.0%     3.3%     0.0%
May 12 23:31:59     87.9    19380308      202    92.3%    200.6     0.4%     4.3%     0.1%     0.0%     3.3%     0.0%
May 12 23:33:02     88.4    21049475      202    92.3%    200.6     0.4%     4.3%     0.1%     0.0%     3.3%     0.0%
May 12 23:34:04     88.5    22595000      202    92.3%    200.6     0.4%     4.3%     0.1%     0.0%     3.3%     0.0%
May 12 23:35:04     89.0    24202346      202    92.3%    200.6     0.4%     4.3%     0.1%     0.0%     3.3%     0.0%
May 12 23:36:08     88.4    25624229      202    92.3%    200.6     0.4%     4.3%     0.1%     0.0%     3.3%     0.0%
May 12 23:37:09     88.6    27169754      202    92.3%    200.6     0.4%     4.3%     0.1%     0.0%     3.3%     0.0%
May 12 23:38:12     89.0    28838921      202    92.3%    200.6     0.4%     4.3%     0.1%     0.0%     3.3%     0.0%
May 12 23:39:13     89.1    30384446      202    92.3%    200.6     0.4%     4.3%     0.1%     0.0%     3.3%     0.0%
May 12 23:40:13     89.1    31868150      202    92.3%    200.6     0.4%     4.3%     0.1%     0.0%     3.3%     0.0%
May 12 23:41:13     88.9    33290033      202    92.3%    200.6     0.4%     4.3%     0.1%     0.0%     3.3%     0.0%
May 12 23:42:14     88.4    34588274      202    92.3%    200.6     0.4%     4.3%     0.1%     0.0%     3.3%     0.0%
May 12 23:43:19     87.9    36010157      202    92.3%    200.6     0.4%     4.3%     0.1%     0.0%     3.3%     0.0%
May 12 23:44:21     88.0    37555682      202    92.2%    200.6     0.4%     4.3%     0.1%     0.0%     3.3%     0.0%
May 12 23:45:24     88.2    39163028      202    92.2%    200.6     0.4%     4.3%     0.1%     0.0%     3.3%     0.0%
May 12 23:46:24     88.6    40832195      202    92.3%    200.6     0.4%     4.3%     0.1%     0.0%     3.3%     0.0%
May 12 23:47:26     88.8    42439541      202    92.3%    200.6     0.4%     4.3%     0.1%     0.0%     3.3%     0.0%
May 12 23:48:29     88.6    43923245      202    92.2%    200.6     0.4%     4.3%     0.1%     0.0%     3.3%     0.0%
May 12 23:49:32     88.6    45468770      202    92.3%    200.6     0.4%     4.3%     0.1%     0.0%     3.3%     0.0%
May 12 23:50:32     88.8    47014295      202    92.3%    200.6     0.4%     4.3%     0.1%     0.0%     3.3%     0.0%
May 12 23:51:33     89.1    48683462      202    92.2%    200.6     0.4%     4.3%     0.1%     0.0%     3.3%     0.0%
May 12 23:52:40     89.2    50414450      202    92.2%    200.6     0.4%     4.3%     0.1%     0.0%     3.3%     0.0%
May 12 23:53:40     89.2    51898154      202    92.3%    200.6     0.4%     4.3%     0.1%     0.0%     3.3%     0.0%
May 12 23:54:43     89.4    53567321      202    92.3%    200.6     0.4%     4.3%     0.1%     0.0%     3.3%     0.0%
May 12 23:55:47     89.2    55051025      202    92.3%    200.6     0.4%     4.3%     0.1%     0.0%     3.3%     0.0%
May 12 23:56:47     89.5    56720192      202    92.3%    200.6     0.4%     4.3%     0.1%     0.0%     3.3%     0.0%
May 12 23:57:50     89.4    58265717      202    92.3%    200.6     0.4%     4.3%     0.1%     0.0%     3.3%     0.0%
May 12 23:58:51     89.5    59811242      202    92.3%    200.6     0.4%     4.3%     0.1%     0.0%     3.3%     0.0%
May 12 23:59:52     89.5    61356767      202    92.3%    200.6     0.4%     4.3%     0.1%     0.0%     3.3%     0.0%
May 13 00:00:52     89.7    62964113      202    92.3%    200.6     0.4%     4.3%     0.1%     0.0%     3.3%     0.0%
May 13 00:01:55     89.8    64633280      202    92.3%    200.6     0.4%     4.3%     0.1%     0.0%     3.3%     0.0%
May 13 00:02:57     89.8    66178805      202    92.3%    200.6     0.4%     4.3%     0.1%     0.0%     3.3%     0.0%
May 13 00:03:59     90.0    67847972      202    92.3%    200.6     0.4%     4.3%     0.1%     0.0%     3.3%     0.0%
May 13 00:05:00     90.0    69393497      202    92.3%    200.6     0.4%     4.3%     0.1%     0.0%     3.3%     0.0%
May 13 00:17:34     72.0    70611067      202    92.3%    200.6     0.4%     4.3%     0.1%     0.0%     3.3%     0.0%
ALL DONE!
