           Time    Speed        Read     Read   Mapped   Mapped   Mapped   Mapped Unmapped Unmapped Unmapped Unmapped
                    M/hr      number   length   unique   length   MMrate    multi   multi+       MM    short    other
May 12 21:36:21     75.3     1318396      202    83.8%    200.4     0.5%    11.5%     0.1%     0.0%     4.6%     0.0%
May 12 21:37:22     81.7     2814508      202    83.9%    200.4     0.5%    11.5%     0.1%     0.0%     4.5%     0.0%
May 12 21:38:31     79.2     4248282      202    83.9%    200.4     0.5%    11.5%     0.1%     0.0%     4.4%     0.0%
May 12 21:39:32     77.0     5432704      202    83.9%    200.4     0.5%    11.5%     0.1%     0.0%     4.4%     0.0%
May 12 21:40:32     79.4     6928816      202    84.0%    200.4     0.5%    11.5%     0.1%     0.0%     4.4%     0.0%
May 12 21:41:37     80.0     8424928      202    84.0%    200.4     0.5%    11.6%     0.1%     0.0%     4.3%     0.0%
May 12 21:42:44     79.6     9858185      202    84.0%    200.4     0.5%    11.6%     0.1%     0.0%     4.4%     0.0%
May 12 21:43:46     81.7    11529041      202    84.0%    200.4     0.5%    11.6%     0.1%     0.0%     4.4%     0.0%
May 12 21:44:46     82.5    13012745      202    84.0%    200.4     0.5%    11.6%     0.1%     0.0%     4.3%     0.0%
May 12 21:45:46     83.5    14558270      202    83.9%    200.4     0.5%    11.6%     0.1%     0.0%     4.4%     0.0%
May 12 21:46:50     83.5    16041974      202    83.9%    200.4     0.5%    11.6%     0.1%     0.0%     4.4%     0.0%
May 12 21:47:54     84.0    17649320      202    83.9%    200.4     0.5%    11.6%     0.1%     0.0%     4.4%     0.0%
May 12 21:48:56     84.5    19194845      202    83.9%    200.4     0.5%    11.6%     0.1%     0.0%     4.4%     0.0%
May 12 21:49:56     84.5    20616728      202    83.9%    200.4     0.5%    11.6%     0.1%     0.0%     4.4%     0.0%
May 12 21:50:59     84.1    21976790      202    83.9%    200.4     0.5%    11.6%     0.1%     0.0%     4.4%     0.0%
May 12 21:51:59     84.4    23460494      202    83.9%    200.4     0.5%    11.6%     0.1%     0.0%     4.4%     0.0%
May 12 21:53:01     84.5    24944198      202    83.9%    200.4     0.5%    11.6%     0.1%     0.0%     4.4%     0.0%
May 12 21:54:03     84.2    26304260      202    83.9%    200.4     0.5%    11.6%     0.1%     0.0%     4.4%     0.0%
May 12 21:55:09     83.1    27478859      202    83.9%    200.4     0.5%    11.6%     0.1%     0.0%     4.4%     0.0%
May 12 21:56:16     82.9    28962563      202    83.9%    200.4     0.5%    11.6%     0.1%     0.0%     4.4%     0.0%
May 12 21:57:19     82.5    30260804      202    83.9%    200.4     0.5%    11.6%     0.1%     0.0%     4.4%     0.0%
May 12 21:58:21     82.8    31806329      202    83.9%    200.4     0.5%    11.6%     0.1%     0.0%     4.4%     0.0%
May 12 21:59:21     82.9    33228212      202    83.9%    200.4     0.5%    11.6%     0.1%     0.0%     4.4%     0.0%
May 12 22:00:24     82.8    34650095      202    83.9%    200.4     0.5%    11.6%     0.1%     0.0%     4.4%     0.0%
May 12 22:01:26     83.0    36133799      202    83.9%    200.4     0.5%    11.6%     0.1%     0.0%     4.4%     0.0%
May 12 22:02:28     83.1    37617503      202    83.9%    200.4     0.5%    11.6%     0.1%     0.0%     4.4%     0.0%
May 12 22:03:29     83.1    39039386      202    83.8%    200.4     0.5%    11.6%     0.1%     0.0%     4.4%     0.0%
May 12 22:04:31     83.2    40523090      202    83.8%    200.4     0.5%    11.6%     0.1%     0.0%     4.4%     0.0%
May 12 22:05:32     83.4    42006794      202    83.8%    200.4     0.5%    11.6%     0.1%     0.0%     4.4%     0.0%
May 12 22:06:33     83.4    43428677      202    83.8%    200.4     0.5%    11.6%     0.1%     0.0%     4.4%     0.0%
May 12 22:07:40     83.1    44850560      202    83.8%    200.4     0.5%    11.6%     0.1%     0.0%     4.5%     0.0%
May 12 22:08:40     83.0    46148801      202    83.8%    200.4     0.5%    11.6%     0.1%     0.0%     4.5%     0.0%
May 12 22:09:43     82.7    47447042      202    83.8%    200.4     0.5%    11.6%     0.1%     0.0%     4.5%     0.0%
May 12 22:19:54     64.5    47965332      202    83.8%    200.4     0.6%    11.6%     0.1%     0.0%     4.5%     0.0%
ALL DONE!
