                                 Started job on |	May 13 06:39:54
                             Started mapping on |	May 13 06:39:56
                                    Finished on |	May 13 07:24:08
       Mapping speed, Million of reads per hour |	65.80

                          Number of input reads |	48472229
                      Average input read length |	202
                                    UNIQUE READS:
                   Uniquely mapped reads number |	40295274
                        Uniquely mapped reads % |	83.13%
                          Average mapped length |	199.92
                       Number of splices: Total |	18416544
            Number of splices: Annotated (sjdb) |	18112040
                       Number of splices: GT/AG |	18233126
                       Number of splices: GC/AG |	118250
                       Number of splices: AT/AC |	15799
               Number of splices: Non-canonical |	49369
                      Mismatch rate per base, % |	0.46%
                         Deletion rate per base |	0.02%
                        Deletion average length |	1.54
                        Insertion rate per base |	0.01%
                       Insertion average length |	1.50
                             MULTI-MAPPING READS:
        Number of reads mapped to multiple loci |	2234471
             % of reads mapped to multiple loci |	4.61%
        Number of reads mapped to too many loci |	73807
             % of reads mapped to too many loci |	0.15%
                                  UNMAPPED READS:
  Number of reads unmapped: too many mismatches |	0
       % of reads unmapped: too many mismatches |	0.00%
            Number of reads unmapped: too short |	5841863
                 % of reads unmapped: too short |	12.05%
                Number of reads unmapped: other |	26814
                     % of reads unmapped: other |	0.06%
                                  CHIMERIC READS:
                       Number of chimeric reads |	0
                            % of chimeric reads |	0.00%
