                                 Started job on |	May 13 04:38:52
                             Started mapping on |	May 13 04:38:57
                                    Finished on |	May 13 05:36:07
       Mapping speed, Million of reads per hour |	69.95

                          Number of input reads |	66649873
                      Average input read length |	202
                                    UNIQUE READS:
                   Uniquely mapped reads number |	58837333
                        Uniquely mapped reads % |	88.28%
                          Average mapped length |	200.05
                       Number of splices: Total |	37442644
            Number of splices: Annotated (sjdb) |	36959795
                       Number of splices: GT/AG |	37055449
                       Number of splices: GC/AG |	274655
                       Number of splices: AT/AC |	31396
               Number of splices: Non-canonical |	81144
                      Mismatch rate per base, % |	0.41%
                         Deletion rate per base |	0.02%
                        Deletion average length |	1.46
                        Insertion rate per base |	0.01%
                       Insertion average length |	1.46
                             MULTI-MAPPING READS:
        Number of reads mapped to multiple loci |	4309215
             % of reads mapped to multiple loci |	6.47%
        Number of reads mapped to too many loci |	56622
             % of reads mapped to too many loci |	0.08%
                                  UNMAPPED READS:
  Number of reads unmapped: too many mismatches |	0
       % of reads unmapped: too many mismatches |	0.00%
            Number of reads unmapped: too short |	3424940
                 % of reads unmapped: too short |	5.14%
                Number of reads unmapped: other |	21763
                     % of reads unmapped: other |	0.03%
                                  CHIMERIC READS:
                       Number of chimeric reads |	0
                            % of chimeric reads |	0.00%
