           Time    Speed        Read     Read   Mapped   Mapped   Mapped   Mapped Unmapped Unmapped Unmapped Unmapped
                    M/hr      number   length   unique   length   MMrate    multi   multi+       MM    short    other
May 13 08:56:22     72.9     1256058      202    83.1%    199.0     0.6%     8.8%     0.1%     0.0%     7.9%     0.0%
May 13 08:57:24     76.3     2627494      202    83.2%    199.0     0.6%     8.8%     0.1%     0.0%     7.8%     0.0%
May 13 08:58:25     79.0     4061268      202    83.3%    199.0     0.6%     8.8%     0.1%     0.0%     7.8%     0.0%
May 13 08:59:29     80.3     5557380      202    83.4%    199.0     0.6%     8.8%     0.1%     0.0%     7.7%     0.0%
May 13 09:00:29     82.9     7115830      202    83.4%    199.0     0.6%     8.9%     0.1%     0.0%     7.7%     0.0%
May 13 09:01:37     81.6     8549604      202    83.4%    199.1     0.5%     8.9%     0.1%     0.0%     7.6%     0.0%
May 13 09:02:39     80.3     9796364      202    83.4%    199.1     0.5%     8.9%     0.1%     0.0%     7.6%     0.0%
May 13 09:03:44     79.7    11158115      202    83.4%    199.1     0.6%     8.9%     0.1%     0.0%     7.6%     0.0%
May 13 09:04:44     80.7    12641819      202    83.4%    199.1     0.6%     8.9%     0.1%     0.0%     7.6%     0.0%
May 13 09:05:50     80.4    14063702      202    83.4%    199.1     0.6%     8.9%     0.1%     0.0%     7.6%     0.0%
May 13 09:06:53     81.1    15609227      202    83.4%    199.1     0.6%     8.9%     0.1%     0.0%     7.6%     0.0%
May 13 09:07:55     81.5    17092931      202    83.4%    199.1     0.6%     8.9%     0.1%     0.0%     7.6%     0.0%
May 13 09:08:57     81.3    18452993      202    83.4%    199.1     0.6%     8.9%     0.1%     0.0%     7.6%     0.0%
May 13 09:09:57     81.1    19751234      202    83.4%    199.1     0.6%     8.9%     0.1%     0.0%     7.6%     0.0%
May 13 09:10:59     80.9    21111296      202    83.4%    199.1     0.6%     8.9%     0.1%     0.0%     7.6%     0.0%
May 13 09:12:00     81.3    22595000      202    83.4%    199.1     0.6%     8.9%     0.1%     0.0%     7.6%     0.0%
May 13 09:13:00     81.1    23893241      202    83.4%    199.1     0.6%     8.9%     0.1%     0.0%     7.6%     0.0%
May 13 09:14:01     81.5    25376945      202    83.4%    199.1     0.6%     8.9%     0.1%     0.0%     7.6%     0.0%
May 13 09:15:01     80.7    26489723      202    83.4%    199.1     0.6%     8.9%     0.1%     0.0%     7.6%     0.0%
May 13 09:16:02     80.7    27849785      202    83.4%    199.1     0.6%     8.9%     0.1%     0.0%     7.6%     0.0%
May 13 09:17:02     80.9    29271668      202    83.4%    199.1     0.6%     8.9%     0.1%     0.0%     7.7%     0.0%
May 13 09:18:02     81.0    30631730      202    83.4%    199.1     0.6%     8.9%     0.1%     0.0%     7.7%     0.0%
May 13 09:19:02     80.8    31929971      202    83.4%    199.1     0.6%     8.9%     0.1%     0.0%     7.7%     0.0%
May 13 09:20:03     80.8    33290033      202    83.4%    199.1     0.6%     8.9%     0.1%     0.0%     7.7%     0.0%
May 13 09:21:04     80.6    34588274      202    83.4%    199.1     0.6%     8.9%     0.1%     0.0%     7.6%     0.0%
May 13 09:22:04     80.8    36010157      202    83.4%    199.1     0.6%     8.9%     0.1%     0.0%     7.6%     0.0%
May 13 09:23:04     80.7    37308398      202    83.4%    199.1     0.6%     8.9%     0.1%     0.0%     7.6%     0.0%
May 13 09:24:06     80.8    38730281      202    83.4%    199.1     0.6%     8.9%     0.1%     0.0%     7.6%     0.0%
May 13 09:25:09     80.8    40152164      202    83.4%    199.1     0.6%     8.9%     0.1%     0.0%     7.6%     0.0%
May 13 09:26:10     80.9    41574047      202    83.4%    199.1     0.6%     8.9%     0.1%     0.0%     7.6%     0.0%
May 13 09:27:10     80.9    42934109      202    83.4%    199.1     0.6%     8.9%     0.1%     0.0%     7.6%     0.0%
May 13 09:28:11     80.7    44170529      202    83.4%    199.1     0.6%     8.9%     0.1%     0.0%     7.6%     0.0%
May 13 09:29:17     80.8    45716054      202    83.4%    199.1     0.6%     8.9%     0.1%     0.0%     7.6%     0.0%
May 13 09:30:20     80.8    47137937      202    83.4%    199.1     0.6%     8.9%     0.1%     0.0%     7.6%     0.0%
May 13 09:31:22     80.9    48559820      202    83.4%    199.1     0.6%     8.9%     0.1%     0.0%     7.6%     0.0%
May 13 09:32:22     81.0    49981703      202    83.4%    199.1     0.6%     8.9%     0.1%     0.0%     7.6%     0.0%
May 13 09:33:29     80.7    51341765      202    83.4%    199.1     0.6%     8.9%     0.1%     0.0%     7.6%     0.0%
May 13 09:34:31     80.6    52640006      202    83.4%    199.1     0.6%     8.9%     0.1%     0.0%     7.6%     0.0%
May 13 09:35:33     80.7    54123710      202    83.4%    199.1     0.6%     8.9%     0.1%     0.0%     7.6%     0.0%
May 13 09:36:35     80.6    55421951      202    83.4%    199.1     0.6%     8.9%     0.1%     0.0%     7.6%     0.0%
May 13 09:46:51     65.7    56372366      202    83.4%    199.1     0.6%     8.9%     0.1%     0.0%     7.6%     0.0%
ALL DONE!
