           Time    Speed        Read     Read   Mapped   Mapped   Mapped   Mapped Unmapped Unmapped Unmapped Unmapped
                    M/hr      number   length   unique   length   MMrate    multi   multi+       MM    short    other
May 13 03:42:34     79.1     1318396      202    88.5%    200.0     0.6%     6.4%     0.1%     0.0%     5.0%     0.0%
May 13 03:43:38     72.7     2502818      202    88.5%    200.0     0.6%     6.4%     0.1%     0.0%     4.9%     0.0%
May 13 03:44:39     74.2     3811916      202    88.5%    200.0     0.5%     6.4%     0.1%     0.0%     4.9%     0.0%
May 13 03:45:39     78.0     5308028      202    88.5%    200.0     0.5%     6.4%     0.1%     0.0%     4.9%     0.0%
May 13 03:46:43     78.5     6741802      202    88.5%    200.0     0.5%     6.4%     0.1%     0.0%     4.9%     0.0%
May 13 03:47:45     80.5     8300252      202    88.6%    200.0     0.5%     6.5%     0.1%     0.0%     4.9%     0.0%
May 13 03:48:49     79.5     9609350      202    88.6%    200.0     0.5%     6.5%     0.1%     0.0%     4.8%     0.0%
May 13 03:49:50     80.5    11096294      202    88.6%    200.0     0.5%     6.5%     0.1%     0.0%     4.8%     0.0%
May 13 03:50:50     79.1    12209072      202    88.6%    200.0     0.5%     6.5%     0.1%     0.0%     4.8%     0.0%
May 13 03:51:54     79.9    13754597      202    88.6%    200.0     0.5%     6.5%     0.1%     0.0%     4.8%     0.0%
May 13 03:52:55     79.9    15114659      202    88.6%    200.0     0.5%     6.5%     0.1%     0.0%     4.8%     0.0%
May 13 03:53:55     81.5    16783826      202    88.6%    200.0     0.5%     6.5%     0.1%     0.0%     4.8%     0.0%
May 13 03:54:59     81.7    18267530      202    88.6%    200.0     0.5%     6.5%     0.1%     0.0%     4.8%     0.0%
May 13 03:56:00     82.1    19751234      202    88.6%    200.0     0.5%     6.5%     0.1%     0.0%     4.8%     0.0%
May 13 03:57:04     81.2    20987654      202    88.6%    200.1     0.5%     6.5%     0.1%     0.0%     4.8%     0.0%
May 13 03:58:05     81.9    22533179      202    88.6%    200.0     0.5%     6.5%     0.1%     0.0%     4.8%     0.0%
May 13 03:59:06     81.6    23831420      202    88.6%    200.0     0.5%     6.5%     0.1%     0.0%     4.8%     0.0%
May 13 04:00:08     80.8    25006019      202    88.6%    200.0     0.5%     6.5%     0.1%     0.0%     4.8%     0.0%
May 13 04:01:08     81.2    26489723      202    88.6%    200.0     0.5%     6.5%     0.1%     0.0%     4.8%     0.0%
May 13 04:02:11     80.9    27787964      202    88.5%    200.0     0.5%     6.5%     0.1%     0.0%     4.9%     0.0%
May 13 04:03:12     80.7    29086205      202    88.5%    200.0     0.5%     6.5%     0.1%     0.0%     4.9%     0.0%
May 13 04:04:12     80.5    30384446      202    88.5%    200.0     0.5%     6.5%     0.1%     0.0%     4.9%     0.0%
May 13 04:05:12     80.4    31682687      202    88.5%    200.0     0.5%     6.5%     0.1%     0.0%     4.9%     0.0%
May 13 04:06:14     80.7    33166391      202    88.5%    200.0     0.5%     6.5%     0.1%     0.0%     4.9%     0.0%
May 13 04:07:16     80.5    34464632      202    88.5%    200.0     0.5%     6.5%     0.1%     0.0%     4.9%     0.0%
May 13 04:08:19     80.2    35762873      202    88.5%    200.0     0.5%     6.5%     0.1%     0.0%     4.9%     0.0%
May 13 04:09:19     80.3    37122935      202    88.5%    200.0     0.5%     6.5%     0.1%     0.0%     4.9%     0.0%
May 13 04:10:19     80.1    38359355      202    88.5%    200.0     0.5%     6.5%     0.1%     0.0%     4.9%     0.0%
May 13 04:11:19     80.2    39781238      202    88.5%    200.0     0.6%     6.5%     0.1%     0.0%     4.9%     0.0%
May 13 04:12:27     79.8    41079479      202    88.5%    200.0     0.6%     6.5%     0.1%     0.0%     4.9%     0.0%
May 13 04:13:27     79.3    42130436      202    88.5%    200.0     0.6%     6.5%     0.1%     0.0%     4.9%     0.0%
May 13 04:14:31     79.3    43552319      202    88.5%    200.0     0.6%     6.5%     0.1%     0.0%     4.9%     0.0%
May 13 04:15:31     79.3    44850560      202    88.5%    200.0     0.6%     6.5%     0.1%     0.0%     4.9%     0.0%
May 13 04:16:42     79.1    46334264      202    88.5%    200.0     0.6%     6.5%     0.1%     0.0%     4.9%     0.0%
May 13 04:17:44     79.3    47817968      202    88.5%    200.0     0.6%     6.5%     0.1%     0.0%     4.9%     0.0%
May 13 04:18:47     79.4    49239851      202    88.5%    200.0     0.6%     6.5%     0.1%     0.0%     4.9%     0.0%
May 13 04:19:51     79.6    50785376      202    88.5%    200.0     0.6%     6.5%     0.1%     0.0%     4.9%     0.0%
May 13 04:20:55     79.5    52145438      202    88.5%    200.0     0.6%     6.5%     0.1%     0.0%     4.9%     0.0%
May 13 04:21:56     79.6    53567321      202    88.5%    200.0     0.6%     6.5%     0.1%     0.0%     4.9%     0.0%
May 13 04:22:58     79.8    55051025      202    88.4%    200.0     0.6%     6.5%     0.1%     0.0%     4.9%     0.0%
May 13 04:24:01     79.9    56534729      202    88.4%    200.0     0.6%     6.5%     0.1%     0.0%     4.9%     0.0%
May 13 04:25:01     79.9    57832970      202    88.4%    200.0     0.6%     6.5%     0.1%     0.0%     4.9%     0.0%
May 13 04:26:01     79.7    59069390      202    88.4%    200.0     0.6%     6.5%     0.1%     0.0%     5.0%     0.0%
May 13 04:27:08     79.4    60305810      202    88.4%    200.0     0.6%     6.5%     0.1%     0.0%     5.0%     0.0%
May 13 04:38:51     64.2    61334852      202    88.4%    200.0     0.6%     6.5%     0.1%     0.0%     5.0%     0.0%
ALL DONE!
