                                 Started job on |	May 12 21:35:14
                             Started mapping on |	May 12 21:35:18
                                    Finished on |	May 12 22:19:54
       Mapping speed, Million of reads per hour |	64.53

                          Number of input reads |	47965332
                      Average input read length |	202
                                    UNIQUE READS:
                   Uniquely mapped reads number |	40198610
                        Uniquely mapped reads % |	83.81%
                          Average mapped length |	200.41
                       Number of splices: Total |	25746626
            Number of splices: Annotated (sjdb) |	25419758
                       Number of splices: GT/AG |	25461821
                       Number of splices: GC/AG |	211858
                       Number of splices: AT/AC |	19395
               Number of splices: Non-canonical |	53552
                      Mismatch rate per base, % |	0.55%
                         Deletion rate per base |	0.02%
                        Deletion average length |	1.57
                        Insertion rate per base |	0.01%
                       Insertion average length |	1.49
                             MULTI-MAPPING READS:
        Number of reads mapped to multiple loci |	5573262
             % of reads mapped to multiple loci |	11.62%
        Number of reads mapped to too many loci |	36754
             % of reads mapped to too many loci |	0.08%
                                  UNMAPPED READS:
  Number of reads unmapped: too many mismatches |	0
       % of reads unmapped: too many mismatches |	0.00%
            Number of reads unmapped: too short |	2143635
                 % of reads unmapped: too short |	4.47%
                Number of reads unmapped: other |	13071
                     % of reads unmapped: other |	0.03%
                                  CHIMERIC READS:
                       Number of chimeric reads |	0
                            % of chimeric reads |	0.00%
