           Time    Speed        Read     Read   Mapped   Mapped   Mapped   Mapped Unmapped Unmapped Unmapped Unmapped
                    M/hr      number   length   unique   length   MMrate    multi   multi+       MM    short    other
May 13 06:40:56     67.9     1131382      202    83.6%    199.8     0.5%     4.6%     0.2%     0.0%    11.6%     0.1%
May 13 06:41:59     75.1     2565156      202    83.4%    199.9     0.5%     4.6%     0.2%     0.0%    11.8%     0.1%
May 13 06:43:02     78.6     4061268      202    83.2%    199.9     0.5%     4.6%     0.2%     0.0%    12.0%     0.1%
May 13 06:44:04     77.1     5308028      202    83.3%    199.9     0.5%     4.6%     0.2%     0.0%    11.8%     0.1%
May 13 06:45:04     78.1     6679464      202    83.3%    199.9     0.5%     4.6%     0.2%     0.0%    11.9%     0.1%
May 13 06:46:08     78.5     8113238      202    83.3%    199.9     0.5%     4.6%     0.2%     0.0%    11.9%     0.1%
May 13 06:47:09     79.4     9547012      202    83.3%    199.9     0.5%     4.6%     0.2%     0.0%    11.8%     0.1%
May 13 06:48:11     79.8    10972652      202    83.3%    199.9     0.5%     4.6%     0.2%     0.0%    11.8%     0.1%
May 13 06:49:11     79.2    12209072      202    83.3%    199.9     0.5%     4.6%     0.2%     0.0%    11.9%     0.1%
May 13 06:50:11     79.8    13630955      202    83.3%    199.9     0.5%     4.6%     0.2%     0.0%    11.8%     0.1%
May 13 06:51:12     79.5    14929196      202    83.3%    199.9     0.5%     4.6%     0.2%     0.0%    11.8%     0.1%
May 13 06:52:13     79.6    16289258      202    83.3%    199.9     0.5%     4.6%     0.2%     0.0%    11.9%     0.1%
May 13 06:53:13     80.6    17834783      202    83.3%    199.9     0.5%     4.6%     0.2%     0.0%    11.8%     0.1%
May 13 06:54:17     80.3    19194845      202    83.3%    199.9     0.5%     4.6%     0.2%     0.0%    11.9%     0.1%
May 13 06:55:17     80.6    20616728      202    83.3%    199.9     0.5%     4.6%     0.2%     0.0%    11.9%     0.1%
May 13 06:56:22     80.9    22162253      202    83.3%    199.9     0.5%     4.6%     0.2%     0.0%    11.9%     0.1%
May 13 06:57:22     80.1    23275031      202    83.3%    199.9     0.5%     4.6%     0.2%     0.0%    11.9%     0.1%
May 13 06:58:23     80.3    24696914      202    83.3%    199.9     0.5%     4.6%     0.2%     0.0%    11.9%     0.1%
May 13 06:59:25     80.4    26118797      202    83.3%    199.9     0.5%     4.6%     0.2%     0.0%    11.9%     0.1%
May 13 07:00:28     80.3    27478859      202    83.3%    199.9     0.5%     4.6%     0.2%     0.0%    11.9%     0.1%
May 13 07:01:28     79.7    28591637      202    83.2%    199.9     0.5%     4.6%     0.2%     0.0%    11.9%     0.1%
May 13 07:02:29     79.7    29951699      202    83.2%    199.9     0.5%     4.6%     0.2%     0.0%    11.9%     0.1%
May 13 07:03:29     79.8    31311761      202    83.2%    199.9     0.5%     4.6%     0.2%     0.0%    11.9%     0.1%
May 13 07:04:32     79.7    32671823      202    83.2%    199.9     0.5%     4.6%     0.2%     0.0%    12.0%     0.1%
May 13 07:05:35     79.9    34155527      202    83.2%    199.9     0.5%     4.6%     0.2%     0.0%    12.0%     0.1%
May 13 07:06:37     80.0    35577410      202    83.2%    199.9     0.5%     4.6%     0.2%     0.0%    12.0%     0.1%
May 13 07:07:41     79.9    36937472      202    83.2%    199.9     0.5%     4.6%     0.2%     0.0%    12.0%     0.1%
May 13 07:08:45     79.5    38173892      202    83.2%    199.9     0.5%     4.6%     0.2%     0.0%    12.0%     0.1%
May 13 07:09:45     79.7    39595775      202    83.2%    199.9     0.5%     4.6%     0.2%     0.0%    12.0%     0.1%
May 13 07:10:51     79.6    41017658      202    83.2%    199.9     0.5%     4.6%     0.2%     0.0%    12.0%     0.1%
May 13 07:11:51     80.0    42563183      202    83.2%    199.9     0.5%     4.6%     0.2%     0.0%    12.0%     0.1%
May 13 07:12:51     79.8    43799603      202    83.2%    199.9     0.5%     4.6%     0.2%     0.0%    12.0%     0.1%
May 13 07:13:57     79.5    45097844      202    83.1%    199.9     0.5%     4.6%     0.2%     0.0%    12.0%     0.1%
May 13 07:15:01     79.3    46396085      202    83.1%    199.9     0.5%     4.6%     0.2%     0.0%    12.0%     0.1%
May 13 07:16:04     79.3    47756147      202    83.1%    199.9     0.5%     4.6%     0.2%     0.0%    12.0%     0.1%
May 13 07:24:08     65.8    48472229      202    83.1%    199.9     0.5%     4.6%     0.2%     0.0%    12.1%     0.1%
ALL DONE!
