           Time    Speed        Read     Read   Mapped   Mapped   Mapped   Mapped Unmapped Unmapped Unmapped Unmapped
                    M/hr      number   length   unique   length   MMrate    multi   multi+       MM    short    other
May 13 01:30:38     79.1     1318396      202    89.8%    199.2     0.5%     3.7%     0.1%     0.0%     6.3%     0.0%
May 13 01:31:40     81.2     2752170      202    89.9%    199.2     0.4%     3.7%     0.1%     0.0%     6.2%     0.0%
May 13 01:32:40     80.3     4061268      202    90.0%    199.3     0.4%     3.7%     0.1%     0.0%     6.1%     0.0%
May 13 01:33:42     80.2     5432704      202    90.1%    199.3     0.4%     3.7%     0.1%     0.0%     6.1%     0.0%
May 13 01:34:43     81.8     6928816      202    90.1%    199.3     0.4%     3.7%     0.1%     0.0%     6.0%     0.0%
May 13 01:35:44     82.9     8424928      202    90.1%    199.3     0.4%     3.7%     0.1%     0.0%     6.0%     0.0%
May 13 01:36:45     83.6     9921040      202    90.1%    199.3     0.4%     3.7%     0.1%     0.0%     6.0%     0.0%
May 13 01:37:45     85.2    11529041      202    90.1%    199.3     0.4%     3.7%     0.1%     0.0%     6.0%     0.0%
May 13 01:38:45     85.2    12950924      202    90.1%    199.3     0.4%     3.7%     0.1%     0.0%     6.0%     0.0%
May 13 01:39:50     85.6    14558270      202    90.1%    199.3     0.4%     3.7%     0.1%     0.0%     6.0%     0.0%
May 13 01:40:54     85.1    15980153      202    90.1%    199.3     0.4%     3.7%     0.1%     0.0%     6.0%     0.0%
May 13 01:41:56     86.1    17649320      202    90.1%    199.3     0.4%     3.7%     0.1%     0.0%     6.0%     0.0%
May 13 01:42:56     86.3    19133024      202    90.1%    199.3     0.4%     3.7%     0.1%     0.0%     6.0%     0.0%
May 13 01:44:01     85.5    20493086      202    90.1%    199.3     0.4%     3.7%     0.1%     0.0%     6.0%     0.0%
May 13 01:45:05     85.6    22038611      202    90.1%    199.3     0.4%     3.7%     0.1%     0.0%     6.0%     0.0%
May 13 01:46:06     85.5    23460494      202    90.1%    199.3     0.4%     3.7%     0.1%     0.0%     6.0%     0.0%
May 13 01:47:06     85.9    25006019      202    90.1%    199.3     0.4%     3.7%     0.1%     0.0%     6.0%     0.0%
May 13 01:48:16     85.5    26551544      202    90.1%    199.3     0.4%     3.7%     0.1%     0.0%     6.0%     0.0%
May 13 01:49:19     85.6    28097069      202    90.1%    199.3     0.4%     3.7%     0.1%     0.0%     6.0%     0.0%
May 13 01:50:19     85.3    29395310      202    90.1%    199.3     0.4%     3.7%     0.1%     0.0%     6.0%     0.0%
May 13 01:51:19     84.8    30631730      202    90.1%    199.3     0.4%     3.7%     0.1%     0.0%     6.0%     0.0%
May 13 01:52:19     84.8    32053613      202    90.1%    199.3     0.4%     3.7%     0.1%     0.0%     6.0%     0.0%
May 13 01:53:19     85.3    33660959      202    90.1%    199.3     0.4%     3.7%     0.1%     0.0%     6.0%     0.0%
May 13 01:54:19     85.1    35021021      202    90.1%    199.3     0.4%     3.7%     0.1%     0.0%     6.0%     0.0%
May 13 01:55:23     85.3    36628367      202    90.1%    199.3     0.4%     3.7%     0.1%     0.0%     6.0%     0.0%
May 13 01:56:25     85.7    38235713      202    90.1%    199.3     0.4%     3.7%     0.1%     0.0%     6.0%     0.0%
May 13 01:57:26     85.7    39719417      202    90.1%    199.3     0.4%     3.7%     0.1%     0.0%     6.0%     0.0%
May 13 01:58:28     85.5    41079479      202    90.1%    199.3     0.4%     3.7%     0.1%     0.0%     6.0%     0.0%
May 13 01:59:29     85.6    42563183      202    90.1%    199.3     0.4%     3.7%     0.1%     0.0%     6.0%     0.0%
May 13 02:00:33     85.2    43923245      202    90.1%    199.3     0.4%     3.7%     0.1%     0.0%     6.0%     0.0%
May 13 02:01:35     84.9    45221486      202    90.1%    199.3     0.4%     3.7%     0.1%     0.0%     6.0%     0.0%
May 13 02:02:35     84.9    46643369      202    90.1%    199.3     0.4%     3.7%     0.1%     0.0%     6.1%     0.0%
May 13 02:03:42     85.0    48250715      202    90.1%    199.3     0.4%     3.7%     0.1%     0.0%     6.1%     0.0%
May 13 02:04:43     85.1    49734419      202    90.1%    199.3     0.4%     3.7%     0.1%     0.0%     6.1%     0.0%
May 13 02:05:48     85.1    51279944      202    90.1%    199.3     0.4%     3.7%     0.1%     0.0%     6.0%     0.0%
May 13 02:06:48     85.3    52825469      202    90.1%    199.3     0.4%     3.7%     0.1%     0.0%     6.0%     0.0%
May 13 02:07:50     85.5    54432815      202    90.1%    199.3     0.4%     3.7%     0.1%     0.0%     6.1%     0.0%
May 13 02:08:50     85.6    55916519      202    90.1%    199.3     0.4%     3.7%     0.1%     0.0%     6.1%     0.0%
May 13 02:09:51     85.7    57462044      202    90.1%    199.3     0.4%     3.7%     0.1%     0.0%     6.1%     0.0%
May 13 02:10:53     85.7    58945748      202    90.1%    199.3     0.4%     3.7%     0.1%     0.0%     6.1%     0.0%
May 13 02:11:53     85.9    60491273      202    90.1%    199.3     0.4%     3.7%     0.1%     0.0%     6.1%     0.0%
May 13 02:12:54     85.9    61974977      202    90.1%    199.3     0.4%     3.7%     0.1%     0.0%     6.1%     0.0%
May 13 02:13:55     86.1    63520502      202    90.1%    199.3     0.4%     3.7%     0.1%     0.0%     6.1%     0.0%
May 13 02:14:57     86.1    65004206      202    90.1%    199.3     0.4%     3.7%     0.1%     0.0%     6.1%     0.0%
May 13 02:15:59     86.0    66426089      202    90.1%    199.3     0.4%     3.7%     0.1%     0.0%     6.1%     0.0%
May 13 02:17:01     85.8    67724330      202    90.1%    199.3     0.4%     3.7%     0.1%     0.0%     6.1%     0.0%
May 13 02:18:05     85.6    69084392      202    90.1%    199.3     0.4%     3.7%     0.1%     0.0%     6.1%     0.0%
May 13 02:19:07     85.6    70568096      202    90.1%    199.3     0.4%     3.7%     0.1%     0.0%     6.1%     0.0%
May 13 02:20:10     85.6    72113621      202    90.1%    199.3     0.4%     3.7%     0.1%     0.0%     6.1%     0.0%
May 13 02:21:14     85.7    73720967      202    90.1%    199.3     0.4%     3.7%     0.1%     0.0%     6.1%     0.0%
May 13 02:22:15     85.7    75142850      202    90.1%    199.3     0.4%     3.7%     0.1%     0.0%     6.1%     0.0%
May 13 02:23:15     85.7    76626554      202    90.0%    199.3     0.4%     3.7%     0.1%     0.0%     6.1%     0.0%
May 13 02:24:15     85.8    78110258      202    90.0%    199.3     0.4%     3.7%     0.1%     0.0%     6.1%     0.0%
May 13 02:25:15     85.8    79532141      202    90.0%    199.3     0.4%     3.7%     0.1%     0.0%     6.1%     0.0%
May 13 02:26:15     85.9    81015845      202    90.0%    199.3     0.4%     3.7%     0.1%     0.0%     6.1%     0.0%
May 13 02:27:18     85.8    82499549      202    90.0%    199.3     0.4%     3.7%     0.1%     0.0%     6.1%     0.0%
May 13 02:28:18     85.7    83797790      202    90.0%    199.3     0.4%     3.7%     0.1%     0.0%     6.1%     0.0%
May 13 02:29:18     85.7    85219673      202    90.0%    199.3     0.4%     3.7%     0.1%     0.0%     6.1%     0.0%
May 13 02:30:19     85.7    86641556      202    90.0%    199.3     0.4%     3.7%     0.1%     0.0%     6.1%     0.0%
May 13 02:31:21     85.8    88248902      202    90.0%    199.3     0.4%     3.7%     0.1%     0.0%     6.1%     0.0%
May 13 02:49:56     66.4    88931260      202    90.0%    199.3     0.4%     3.7%     0.1%     0.0%     6.1%     0.0%
ALL DONE!
