                                 Started job on |	May 13 02:49:57
                             Started mapping on |	May 13 02:50:05
                                    Finished on |	May 13 03:41:30
       Mapping speed, Million of reads per hour |	68.08

                          Number of input reads |	58341289
                      Average input read length |	202
                                    UNIQUE READS:
                   Uniquely mapped reads number |	51422843
                        Uniquely mapped reads % |	88.14%
                          Average mapped length |	200.03
                       Number of splices: Total |	33639486
            Number of splices: Annotated (sjdb) |	33215952
                       Number of splices: GT/AG |	33306189
                       Number of splices: GC/AG |	240898
                       Number of splices: AT/AC |	28810
               Number of splices: Non-canonical |	63589
                      Mismatch rate per base, % |	0.44%
                         Deletion rate per base |	0.02%
                        Deletion average length |	1.57
                        Insertion rate per base |	0.01%
                       Insertion average length |	1.48
                             MULTI-MAPPING READS:
        Number of reads mapped to multiple loci |	3008652
             % of reads mapped to multiple loci |	5.16%
        Number of reads mapped to too many loci |	45009
             % of reads mapped to too many loci |	0.08%
                                  UNMAPPED READS:
  Number of reads unmapped: too many mismatches |	0
       % of reads unmapped: too many mismatches |	0.00%
            Number of reads unmapped: too short |	3847058
                 % of reads unmapped: too short |	6.59%
                Number of reads unmapped: other |	17727
                     % of reads unmapped: other |	0.03%
                                  CHIMERIC READS:
                       Number of chimeric reads |	0
                            % of chimeric reads |	0.00%
