                                 Started job on |	May 13 05:36:09
                             Started mapping on |	May 13 05:36:11
                                    Finished on |	May 13 06:39:53
       Mapping speed, Million of reads per hour |	65.37

                          Number of input reads |	69398547
                      Average input read length |	202
                                    UNIQUE READS:
                   Uniquely mapped reads number |	62326916
                        Uniquely mapped reads % |	89.81%
                          Average mapped length |	200.08
                       Number of splices: Total |	35427364
            Number of splices: Annotated (sjdb) |	34957558
                       Number of splices: GT/AG |	35061075
                       Number of splices: GC/AG |	260100
                       Number of splices: AT/AC |	32453
               Number of splices: Non-canonical |	73736
                      Mismatch rate per base, % |	0.57%
                         Deletion rate per base |	0.02%
                        Deletion average length |	1.50
                        Insertion rate per base |	0.01%
                       Insertion average length |	1.51
                             MULTI-MAPPING READS:
        Number of reads mapped to multiple loci |	2578517
             % of reads mapped to multiple loci |	3.72%
        Number of reads mapped to too many loci |	64504
             % of reads mapped to too many loci |	0.09%
                                  UNMAPPED READS:
  Number of reads unmapped: too many mismatches |	0
       % of reads unmapped: too many mismatches |	0.00%
            Number of reads unmapped: too short |	4403035
                 % of reads unmapped: too short |	6.34%
                Number of reads unmapped: other |	25575
                     % of reads unmapped: other |	0.04%
                                  CHIMERIC READS:
                       Number of chimeric reads |	0
                            % of chimeric reads |	0.00%
