                                 Started job on |	May 13 03:41:31
                             Started mapping on |	May 13 03:41:34
                                    Finished on |	May 13 04:38:51
       Mapping speed, Million of reads per hour |	64.24

                          Number of input reads |	61334852
                      Average input read length |	202
                                    UNIQUE READS:
                   Uniquely mapped reads number |	54233805
                        Uniquely mapped reads % |	88.42%
                          Average mapped length |	200.04
                       Number of splices: Total |	35303791
            Number of splices: Annotated (sjdb) |	34888403
                       Number of splices: GT/AG |	34948630
                       Number of splices: GC/AG |	256645
                       Number of splices: AT/AC |	28559
               Number of splices: Non-canonical |	69957
                      Mismatch rate per base, % |	0.57%
                         Deletion rate per base |	0.02%
                        Deletion average length |	1.48
                        Insertion rate per base |	0.01%
                       Insertion average length |	1.49
                             MULTI-MAPPING READS:
        Number of reads mapped to multiple loci |	3982043
             % of reads mapped to multiple loci |	6.49%
        Number of reads mapped to too many loci |	56322
             % of reads mapped to too many loci |	0.09%
                                  UNMAPPED READS:
  Number of reads unmapped: too many mismatches |	0
       % of reads unmapped: too many mismatches |	0.00%
            Number of reads unmapped: too short |	3045637
                 % of reads unmapped: too short |	4.97%
                Number of reads unmapped: other |	17045
                     % of reads unmapped: other |	0.03%
                                  CHIMERIC READS:
                       Number of chimeric reads |	0
                            % of chimeric reads |	0.00%
