           Time    Speed        Read     Read   Mapped   Mapped   Mapped   Mapped Unmapped Unmapped Unmapped Unmapped
                    M/hr      number   length   unique   length   MMrate    multi   multi+       MM    short    other
May 13 05:37:12     77.8     1318396      202    89.6%    200.0     0.6%     3.7%     0.1%     0.0%     6.6%     0.0%
May 13 05:38:12     78.2     2627494      202    89.7%    200.0     0.6%     3.7%     0.1%     0.0%     6.5%     0.0%
May 13 05:39:13     76.6     3874254      202    89.8%    200.1     0.6%     3.7%     0.1%     0.0%     6.4%     0.0%
May 13 05:40:13     77.1     5183352      202    89.8%    200.1     0.5%     3.7%     0.1%     0.0%     6.3%     0.0%
May 13 05:41:17     77.8     6617126      202    89.9%    200.1     0.5%     3.7%     0.1%     0.0%     6.3%     0.0%
May 13 05:42:18     80.2     8175576      202    89.9%    200.1     0.5%     3.7%     0.1%     0.0%     6.3%     0.0%
May 13 05:43:18     80.0     9484674      202    89.9%    200.1     0.5%     3.7%     0.1%     0.0%     6.3%     0.0%
May 13 05:44:18     79.3    10725368      202    89.9%    200.1     0.5%     3.7%     0.1%     0.0%     6.3%     0.0%
May 13 05:45:18     81.2    12332714      202    89.9%    200.1     0.5%     3.7%     0.1%     0.0%     6.2%     0.0%
May 13 05:46:19     81.1    13692776      202    89.9%    200.1     0.5%     3.7%     0.1%     0.0%     6.2%     0.0%
May 13 05:47:22     81.1    15114659      202    89.9%    200.1     0.5%     3.7%     0.1%     0.0%     6.2%     0.0%
May 13 05:48:28     81.4    16660184      202    89.9%    200.1     0.5%     3.7%     0.1%     0.0%     6.2%     0.0%
May 13 05:49:29     82.1    18205709      202    89.9%    200.1     0.5%     3.7%     0.1%     0.0%     6.2%     0.0%
May 13 05:50:29     81.6    19442129      202    89.9%    200.1     0.5%     3.7%     0.1%     0.0%     6.2%     0.0%
May 13 05:51:29     82.1    20925833      202    89.9%    200.1     0.5%     3.7%     0.1%     0.0%     6.2%     0.0%
May 13 05:52:37     81.1    22224074      202    89.9%    200.1     0.5%     3.7%     0.1%     0.0%     6.2%     0.0%
May 13 05:53:42     81.4    23769599      202    89.9%    200.1     0.5%     3.7%     0.1%     0.0%     6.2%     0.0%
May 13 05:54:42     81.6    25191482      202    89.9%    200.1     0.5%     3.7%     0.1%     0.0%     6.2%     0.0%
May 13 05:55:45     81.2    26489723      202    89.9%    200.1     0.5%     3.7%     0.1%     0.0%     6.2%     0.0%
May 13 05:56:45     81.6    27973427      202    89.9%    200.1     0.5%     3.7%     0.1%     0.0%     6.2%     0.0%
May 13 05:57:46     81.5    29333489      202    89.9%    200.1     0.5%     3.7%     0.1%     0.0%     6.2%     0.0%
May 13 05:58:47     81.8    30817193      202    89.9%    200.1     0.5%     3.7%     0.1%     0.0%     6.2%     0.0%
May 13 05:59:49     81.7    32177255      202    89.9%    200.1     0.6%     3.7%     0.1%     0.0%     6.3%     0.0%
May 13 06:00:49     81.8    33599138      202    89.9%    200.1     0.6%     3.7%     0.1%     0.0%     6.3%     0.0%
May 13 06:01:49     81.7    34897379      202    89.9%    200.1     0.6%     3.7%     0.1%     0.0%     6.3%     0.0%
May 13 06:02:50     81.5    36195620      202    89.9%    200.1     0.6%     3.7%     0.1%     0.0%     6.3%     0.0%
May 13 06:04:00     80.9    37493861      202    89.9%    200.1     0.6%     3.7%     0.1%     0.0%     6.3%     0.0%
May 13 06:05:02     80.7    38792102      202    89.9%    200.1     0.6%     3.7%     0.1%     0.0%     6.3%     0.0%
May 13 06:06:02     80.8    40213985      202    89.9%    200.1     0.6%     3.7%     0.1%     0.0%     6.3%     0.0%
May 13 06:07:05     80.8    41635868      202    89.9%    200.1     0.6%     3.7%     0.1%     0.0%     6.3%     0.0%
May 13 06:08:11     80.6    42995930      202    89.9%    200.1     0.6%     3.7%     0.1%     0.0%     6.3%     0.0%
May 13 06:09:11     81.0    44541455      202    89.9%    200.1     0.6%     3.7%     0.1%     0.0%     6.3%     0.0%
May 13 06:10:12     81.1    45963338      202    89.8%    200.1     0.6%     3.7%     0.1%     0.0%     6.3%     0.0%
May 13 06:11:15     81.3    47508863      202    89.9%    200.1     0.6%     3.7%     0.1%     0.0%     6.3%     0.0%
May 13 06:12:20     81.0    48807104      202    89.9%    200.1     0.6%     3.7%     0.1%     0.0%     6.3%     0.0%
May 13 06:13:21     81.1    50228987      202    89.8%    200.1     0.6%     3.7%     0.1%     0.0%     6.3%     0.0%
May 13 06:14:22     81.2    51650870      202    89.8%    200.1     0.6%     3.7%     0.1%     0.0%     6.3%     0.0%
May 13 06:15:27     81.1    53072753      202    89.8%    200.1     0.6%     3.7%     0.1%     0.0%     6.3%     0.0%
May 13 06:16:33     80.9    54432815      202    89.8%    200.1     0.6%     3.7%     0.1%     0.0%     6.3%     0.0%
May 13 06:17:42     80.7    55854698      202    89.8%    200.1     0.6%     3.7%     0.1%     0.0%     6.3%     0.0%
May 13 06:18:44     80.9    57338402      202    89.8%    200.1     0.6%     3.7%     0.1%     0.0%     6.3%     0.0%
May 13 06:19:45     80.7    58574822      202    89.8%    200.1     0.6%     3.7%     0.1%     0.0%     6.3%     0.0%
May 13 06:20:50     80.7    60058526      202    89.8%    200.1     0.6%     3.7%     0.1%     0.0%     6.3%     0.0%
May 13 06:21:51     80.7    61418588      202    89.8%    200.1     0.6%     3.7%     0.1%     0.0%     6.3%     0.0%
May 13 06:22:51     80.7    62778650      202    89.8%    200.1     0.6%     3.7%     0.1%     0.0%     6.3%     0.0%
May 13 06:23:52     80.8    64200533      202    89.8%    200.1     0.6%     3.7%     0.1%     0.0%     6.3%     0.0%
May 13 06:24:53     80.8    65622416      202    89.8%    200.1     0.6%     3.7%     0.1%     0.0%     6.3%     0.0%
May 13 06:25:55     80.8    66982478      202    89.8%    200.1     0.6%     3.7%     0.1%     0.0%     6.3%     0.0%
May 13 06:26:56     80.8    68342540      202    89.8%    200.1     0.6%     3.7%     0.1%     0.0%     6.3%     0.0%
May 13 06:39:53     65.4    69398547      202    89.8%    200.1     0.6%     3.7%     0.1%     0.0%     6.3%     0.0%
ALL DONE!
