           Time    Speed        Read     Read   Mapped   Mapped   Mapped   Mapped Unmapped Unmapped Unmapped Unmapped
                    M/hr      number   length   unique   length   MMrate    multi   multi+       MM    short    other
May 13 04:39:57     75.4     1256058      202    88.2%    200.0     0.4%     6.4%     0.1%     0.0%     5.3%     0.0%
May 13 04:40:58     80.0     2689832      202    88.2%    200.0     0.4%     6.5%     0.1%     0.0%     5.2%     0.0%
May 13 04:42:00     84.8     4310620      202    88.3%    200.0     0.4%     6.5%     0.1%     0.0%     5.1%     0.0%
May 13 04:43:01     82.9     5619718      202    88.3%    200.1     0.4%     6.5%     0.1%     0.0%     5.1%     0.0%
May 13 04:44:09     83.5     7240506      202    88.3%    200.0     0.4%     6.5%     0.1%     0.0%     5.1%     0.0%
May 13 04:45:10     84.3     8736618      202    88.3%    200.0     0.4%     6.5%     0.1%     0.0%     5.1%     0.0%
May 13 04:46:10     84.5    10168979      202    88.3%    200.0     0.4%     6.5%     0.1%     0.0%     5.1%     0.0%
May 13 04:47:11     84.5    11590862      202    88.3%    200.1     0.4%     6.5%     0.1%     0.0%     5.1%     0.0%
May 13 04:48:11     85.0    13074566      202    88.3%    200.0     0.4%     6.5%     0.1%     0.0%     5.1%     0.0%
May 13 04:49:11     85.7    14620091      202    88.3%    200.0     0.4%     6.5%     0.1%     0.0%     5.1%     0.0%
May 13 04:50:12     86.2    16165616      202    88.3%    200.1     0.4%     6.5%     0.1%     0.0%     5.1%     0.0%
May 13 04:51:13     86.3    17649320      202    88.3%    200.1     0.4%     6.5%     0.1%     0.0%     5.1%     0.0%
May 13 04:52:17     86.1    19133024      202    88.3%    200.1     0.4%     6.5%     0.1%     0.0%     5.1%     0.0%
May 13 04:53:18     85.9    20554907      202    88.3%    200.1     0.4%     6.5%     0.1%     0.0%     5.1%     0.0%
May 13 04:54:19     85.8    21976790      202    88.3%    200.1     0.4%     6.5%     0.1%     0.0%     5.1%     0.0%
May 13 04:55:19     86.2    23522315      202    88.3%    200.1     0.4%     6.5%     0.1%     0.0%     5.1%     0.0%
May 13 04:56:19     86.6    25067840      202    88.3%    200.1     0.4%     6.5%     0.1%     0.0%     5.1%     0.0%
May 13 04:57:20     86.7    26551544      202    88.3%    200.1     0.4%     6.5%     0.1%     0.0%     5.1%     0.0%
May 13 04:58:20     87.2    28158890      202    88.3%    200.1     0.4%     6.5%     0.1%     0.0%     5.1%     0.0%
May 13 04:59:20     87.1    29580773      202    88.3%    200.1     0.4%     6.5%     0.1%     0.0%     5.1%     0.0%
May 13 05:00:21     87.3    31126298      202    88.3%    200.1     0.4%     6.5%     0.1%     0.0%     5.1%     0.0%
May 13 05:01:25     87.4    32733644      202    88.3%    200.1     0.4%     6.5%     0.1%     0.0%     5.1%     0.0%
May 13 05:02:27     87.5    34279169      202    88.3%    200.1     0.4%     6.5%     0.1%     0.0%     5.1%     0.0%
May 13 05:03:32     87.4    35824694      202    88.3%    200.0     0.4%     6.5%     0.1%     0.0%     5.1%     0.0%
May 13 05:04:38     87.4    37432040      202    88.3%    200.1     0.4%     6.5%     0.1%     0.0%     5.1%     0.0%
May 13 05:05:38     86.8    38606639      202    88.3%    200.1     0.4%     6.5%     0.1%     0.0%     5.1%     0.0%
May 13 05:06:40     86.7    40028522      202    88.3%    200.0     0.4%     6.5%     0.1%     0.0%     5.1%     0.0%
May 13 05:07:40     86.6    41450405      202    88.3%    200.0     0.4%     6.5%     0.1%     0.0%     5.1%     0.0%
May 13 05:08:40     86.8    42995930      202    88.3%    200.0     0.4%     6.5%     0.1%     0.0%     5.1%     0.0%
May 13 05:09:40     87.0    44541455      202    88.3%    200.0     0.4%     6.5%     0.1%     0.0%     5.1%     0.0%
May 13 05:10:41     87.0    46025159      202    88.3%    200.0     0.4%     6.5%     0.1%     0.0%     5.1%     0.0%
May 13 05:11:41     87.3    47632505      202    88.3%    200.0     0.4%     6.5%     0.1%     0.0%     5.1%     0.0%
May 13 05:12:41     87.6    49239851      202    88.3%    200.0     0.4%     6.5%     0.1%     0.0%     5.1%     0.0%
May 13 05:13:45     87.5    50723555      202    88.3%    200.0     0.4%     6.5%     0.1%     0.0%     5.1%     0.0%
May 13 05:14:48     87.6    52330901      202    88.3%    200.0     0.4%     6.5%     0.1%     0.0%     5.1%     0.0%
May 13 05:15:48     87.8    53938247      202    88.3%    200.0     0.4%     6.5%     0.1%     0.0%     5.1%     0.0%
May 13 05:16:52     87.7    55421951      202    88.3%    200.0     0.4%     6.5%     0.1%     0.0%     5.1%     0.0%
May 13 05:17:53     87.6    56843834      202    88.3%    200.0     0.4%     6.5%     0.1%     0.0%     5.1%     0.0%
May 13 05:18:55     87.7    58389359      202    88.3%    200.0     0.4%     6.5%     0.1%     0.0%     5.1%     0.0%
May 13 05:19:57     87.7    59934884      202    88.3%    200.0     0.4%     6.5%     0.1%     0.0%     5.1%     0.0%
May 13 05:21:00     87.9    61604051      202    88.3%    200.0     0.4%     6.5%     0.1%     0.0%     5.1%     0.0%
May 13 05:22:02     87.9    63087755      202    88.3%    200.0     0.4%     6.5%     0.1%     0.0%     5.1%     0.0%
May 13 05:23:04     87.9    64633280      202    88.3%    200.0     0.4%     6.5%     0.1%     0.0%     5.1%     0.0%
May 13 05:24:04     87.8    65993342      202    88.3%    200.0     0.4%     6.5%     0.1%     0.0%     5.1%     0.0%
May 13 05:36:07     70.0    66649873      202    88.3%    200.0     0.4%     6.5%     0.1%     0.0%     5.1%     0.0%
ALL DONE!
