           Time    Speed        Read     Read   Mapped   Mapped   Mapped   Mapped Unmapped Unmapped Unmapped Unmapped
                    M/hr      number   length   unique   length   MMrate    multi   multi+       MM    short    other
May 13 02:51:09     74.2     1318396      202    88.1%    200.0     0.4%     5.2%     0.1%     0.0%     6.6%     0.0%
May 13 02:52:09     83.5     2876846      202    88.1%    200.0     0.4%     5.2%     0.1%     0.0%     6.6%     0.0%
May 13 02:53:11     85.8     4435296      202    88.1%    200.0     0.4%     5.2%     0.1%     0.0%     6.6%     0.0%
May 13 02:54:13     87.0     5993746      202    88.1%    200.0     0.4%     5.2%     0.1%     0.0%     6.6%     0.0%
May 13 02:55:16     88.9     7676872      202    88.1%    200.0     0.4%     5.2%     0.1%     0.0%     6.6%     0.0%
May 13 02:56:18     89.7     9297660      202    88.1%    200.0     0.4%     5.2%     0.1%     0.0%     6.6%     0.0%
May 13 02:57:18     89.2    10725368      202    88.1%    200.0     0.4%     5.2%     0.1%     0.0%     6.6%     0.0%
May 13 02:58:24     89.0    12332714      202    88.1%    200.0     0.4%     5.2%     0.1%     0.0%     6.6%     0.0%
May 13 02:59:27     89.7    14001881      202    88.1%    200.0     0.4%     5.2%     0.1%     0.0%     6.6%     0.0%
May 13 03:00:32     88.6    15423764      202    88.1%    200.0     0.4%     5.2%     0.1%     0.0%     6.6%     0.0%
May 13 03:01:32     88.9    16969289      202    88.1%    200.0     0.4%     5.2%     0.1%     0.0%     6.6%     0.0%
May 13 03:02:36     88.2    18391172      202    88.2%    200.0     0.4%     5.2%     0.1%     0.0%     6.6%     0.0%
May 13 03:03:38     87.7    19813055      202    88.2%    200.0     0.4%     5.2%     0.1%     0.0%     6.6%     0.0%
May 13 03:04:39     87.2    21173117      202    88.2%    200.0     0.4%     5.2%     0.1%     0.0%     6.6%     0.0%
May 13 03:05:40     87.7    22780463      202    88.2%    200.0     0.4%     5.2%     0.1%     0.0%     6.6%     0.0%
May 13 03:06:41     87.7    24264167      202    88.2%    200.0     0.4%     5.2%     0.1%     0.0%     6.6%     0.0%
May 13 03:07:42     87.9    25809692      202    88.2%    200.0     0.4%     5.2%     0.1%     0.0%     6.6%     0.0%
May 13 03:08:47     88.2    27478859      202    88.2%    200.0     0.4%     5.2%     0.1%     0.0%     6.6%     0.0%
May 13 03:09:48     87.9    28900742      202    88.2%    200.0     0.4%     5.2%     0.1%     0.0%     6.6%     0.0%
May 13 03:10:51     88.1    30508088      202    88.2%    200.0     0.4%     5.2%     0.1%     0.0%     6.6%     0.0%
May 13 03:11:56     88.0    32053613      202    88.2%    200.0     0.4%     5.2%     0.1%     0.0%     6.6%     0.0%
May 13 03:12:57     88.0    33537317      202    88.2%    200.0     0.4%     5.2%     0.1%     0.0%     6.6%     0.0%
May 13 03:14:01     88.0    35082842      202    88.1%    200.0     0.4%     5.2%     0.1%     0.0%     6.6%     0.0%
May 13 03:15:05     88.2    36752009      202    88.1%    200.0     0.4%     5.2%     0.1%     0.0%     6.6%     0.0%
May 13 03:16:06     87.9    38112071      202    88.1%    200.0     0.4%     5.2%     0.1%     0.0%     6.6%     0.0%
May 13 03:17:11     87.8    39657596      202    88.1%    200.0     0.4%     5.2%     0.1%     0.0%     6.6%     0.0%
May 13 03:18:14     87.4    41017658      202    88.1%    200.0     0.4%     5.2%     0.1%     0.0%     6.6%     0.0%
May 13 03:19:16     87.1    42377720      202    88.1%    200.0     0.4%     5.2%     0.1%     0.0%     6.6%     0.0%
May 13 03:20:18     86.6    43614140      202    88.1%    200.0     0.4%     5.2%     0.1%     0.0%     6.6%     0.0%
May 13 03:21:19     87.0    45283307      202    88.1%    200.0     0.4%     5.2%     0.1%     0.0%     6.6%     0.0%
May 13 03:22:21     86.7    46643369      202    88.1%    200.0     0.4%     5.2%     0.1%     0.0%     6.6%     0.0%
May 13 03:23:22     87.1    48312536      202    88.1%    200.0     0.4%     5.2%     0.1%     0.0%     6.6%     0.0%
May 13 03:24:22     87.3    49858061      202    88.1%    200.0     0.4%     5.2%     0.1%     0.0%     6.6%     0.0%
May 13 03:25:22     87.1    51218123      202    88.1%    200.0     0.4%     5.2%     0.1%     0.0%     6.6%     0.0%
May 13 03:26:22     87.2    52701827      202    88.1%    200.0     0.4%     5.2%     0.1%     0.0%     6.6%     0.0%
May 13 03:27:25     86.8    54000068      202    88.1%    200.0     0.4%     5.2%     0.1%     0.0%     6.6%     0.0%
May 13 03:28:26     87.0    55607414      202    88.1%    200.0     0.4%     5.2%     0.1%     0.0%     6.6%     0.0%
May 13 03:29:27     87.2    57214760      202    88.1%    200.0     0.4%     5.2%     0.1%     0.0%     6.6%     0.0%
May 13 03:41:30     68.1    58341289      202    88.1%    200.0     0.4%     5.2%     0.1%     0.0%     6.6%     0.0%
ALL DONE!
