                                 Started job on |	May 13 07:24:09
                             Started mapping on |	May 13 07:24:11
                                    Finished on |	May 13 08:26:33
       Mapping speed, Million of reads per hour |	69.27

                          Number of input reads |	72001634
                      Average input read length |	202
                                    UNIQUE READS:
                   Uniquely mapped reads number |	64209106
                        Uniquely mapped reads % |	89.18%
                          Average mapped length |	200.57
                       Number of splices: Total |	35500037
            Number of splices: Annotated (sjdb) |	35000189
                       Number of splices: GT/AG |	35163474
                       Number of splices: GC/AG |	232930
                       Number of splices: AT/AC |	25927
               Number of splices: Non-canonical |	77706
                      Mismatch rate per base, % |	0.44%
                         Deletion rate per base |	0.02%
                        Deletion average length |	1.49
                        Insertion rate per base |	0.01%
                       Insertion average length |	1.49
                             MULTI-MAPPING READS:
        Number of reads mapped to multiple loci |	4631862
             % of reads mapped to multiple loci |	6.43%
        Number of reads mapped to too many loci |	68249
             % of reads mapped to too many loci |	0.09%
                                  UNMAPPED READS:
  Number of reads unmapped: too many mismatches |	0
       % of reads unmapped: too many mismatches |	0.00%
            Number of reads unmapped: too short |	3063483
                 % of reads unmapped: too short |	4.25%
                Number of reads unmapped: other |	28934
                     % of reads unmapped: other |	0.04%
                                  CHIMERIC READS:
                       Number of chimeric reads |	0
                            % of chimeric reads |	0.00%
